<?xml version="1.0" encoding="UTF-8"?>

<mule xmlns:metadata="http://www.mulesoft.org/schema/mule/metadata" version="EE-3.7.0"
	xmlns:json="http://www.mulesoft.org/schema/mule/json" 
	xmlns:dw="http://www.mulesoft.org/schema/mule/ee/dw" 
	xmlns:wd-hr="http://www.mulesoft.org/schema/mule/wd-hr" 
	xmlns:wd-staffing="http://www.mulesoft.org/schema/mule/wd-staffing" 
	xmlns:sfdc="http://www.mulesoft.org/schema/mule/sfdc" 
	xmlns="http://www.mulesoft.org/schema/mule/core" 
	xmlns:doc="http://www.mulesoft.org/schema/mule/documentation"
	xmlns:spring="http://www.springframework.org/schema/beans" 
	xmlns:xsi="http://www.w3.org/2001/XMLSchema-instance"
	xsi:schemaLocation="http://www.springframework.org/schema/beans http://www.springframework.org/schema/beans/spring-beans-current.xsd
http://www.mulesoft.org/schema/mule/core http://www.mulesoft.org/schema/mule/core/current/mule.xsd
http://www.mulesoft.org/schema/mule/sfdc http://www.mulesoft.org/schema/mule/sfdc/current/mule-sfdc.xsd
http://www.mulesoft.org/schema/mule/wd-staffing http://www.mulesoft.org/schema/mule/wd-staffing/current/mule-wd-staffing.xsd
http://www.mulesoft.org/schema/mule/wd-hr http://www.mulesoft.org/schema/mule/wd-hr/current/mule-wd-hr.xsd
http://www.mulesoft.org/schema/mule/ee/dw http://www.mulesoft.org/schema/mule/ee/dw/current/dw.xsd
http://www.mulesoft.org/schema/mule/json http://www.mulesoft.org/schema/mule/json/current/mule-json.xsd">
    <wd-staffing:config name="Workday_Staffing" staffingUser="${wday.user}" staffingPassword="${wday.password}" staffingEndpoint="${wday.endpoint}" doc:name="Workday Staffing">
        <wd-staffing:connection-pooling-profile initialisationPolicy="INITIALISE_ONE" exhaustedAction="WHEN_EXHAUSTED_GROW"/>
    </wd-staffing:config>
    
    <sub-flow name="retrieveCaseSFDC" >
        <sfdc:query config-ref="Salesforce" query="dsql:SELECT Id,Subject,SuppliedEmail,AccountId,ContactId FROM Case WHERE ExtId__c = '#[payload]'" doc:name="Salesforce"/>
    </sub-flow>
    <sub-flow name="hireEmployee" >

        <dw:transform-message doc:name="Transform Employee to Hire Employee Request Type">
            <dw:set-payload resource="classpath:TransformEmployeetoHireEmployeeRequestType.dwl"></dw:set-payload>
        </dw:transform-message>

        <wd-staffing:hire-employee config-ref="Workday_Staffing" doc:name="Workday Staffing"/>

                    
    </sub-flow>
    <sub-flow name="deleteSFDC" >
        <sfdc:delete config-ref="Salesforce" doc:name="Salesforce">
            <sfdc:ids ref="#[payload]"/>
        </sfdc:delete>
    </sub-flow>
    <sub-flow name="getWorkdayEmployee" >
        <wd-hr:get-employee config-ref="WorkdayHumanResource" doc:name="Workday Human Resource"/>
    </sub-flow>
    
    <sub-flow name="getWorkdaytoTerminateFlow" >
        <wd-hr:get-employee config-ref="WorkdayHumanResource" doc:name="Workday Human Resource"/>
        <dw:transform-message doc:name="Transform EmployeeType to TerminateEmployeeRequestType">
            <dw:set-payload><![CDATA[%dw 1.0
%input payload application/java
%output application/java
%var response = payload as :object { class: "com.workday.hr.EmployeeType" }
---
{
	version					: response.version,
	terminateEmployeeData 	: {
		employeeReference	: {
			descriptor		: response.employeeReference.integrationIDReference.descriptor,
			ID				: response.employeeData map {
				type		: "Employee_ID",
				value		: $.employeeID
			}
		}
	}
} as :object {class: "com.workday.staffing.TerminateEmployeeRequestType"}
unless (response.employeeData is :null) otherwise []
]]></dw:set-payload>
        </dw:transform-message>
       
<!--         <data-mapper:transform doc:name="EmployeeType To TerminateEmployeeRequestType" config-ref="EmployeeType_To_TerminateEmployeeRequestType"/> -->
	</sub-flow>
    
    <sub-flow name="terminateWorkdayEmployee" >
    	<wd-staffing:terminate-employee config-ref="Workday_Staffing" doc:name="Workday Staffing" />
    </sub-flow>
    
</mule>
